app/build/intermediates/manifest_merge_blame_file/debug/manifest-merger-blame-debug-report.txt
1<?xml version="1.0" encoding="utf-8"?>
2<manifest xmlns:android="http://schemas.android.com/apk/res/android"
3    package="com.example.appartners"
4    android:versionCode="1"
5    android:versionName="1.0" >
6
7    <uses-sdk
8        android:minSdkVersion="16"
8-->src\main\AndroidManifest.xml
9        android:targetSdkVersion="28" />
9-->src\main\AndroidManifest.xml
10
11    <uses-permission android:name="android.permission.INTERNET" />
11-->src\main\AndroidManifest.xml:5:5-67
11-->src\main\AndroidManifest.xml:5:22-64
12    <uses-permission android:name="android.permission.WRITE_EXTERNAL_STORAGE" />
12-->src\main\AndroidManifest.xml:6:5-81
12-->src\main\AndroidManifest.xml:6:22-78
13    <uses-permission android:name="android.permission.READ_EXTERNAL_STORAGE" />
13-->src\main\AndroidManifest.xml:7:5-80
13-->src\main\AndroidManifest.xml:7:22-77
14
15    <uses-feature
15-->src\main\AndroidManifest.xml:9:5-11:36
16        android:name="android.hardware.camera"
16-->src\main\AndroidManifest.xml:10:9-47
17        android:required="false" />
17-->src\main\AndroidManifest.xml:11:9-33
18
19    <!-- Although the *SdkVersion is captured in gradle build files, this is required for non gradle builds -->
20    <!-- <uses-sdk android:minSdkVersion="14" /> -->
21    <uses-permission android:name="android.permission.ACCESS_NETWORK_STATE" />
21-->[com.google.firebase:firebase-firestore:21.3.0] AndroidManifest.xml:13:5-79
21-->[com.google.firebase:firebase-firestore:21.3.0] AndroidManifest.xml:13:22-76
22    <uses-permission android:name="android.permission.WAKE_LOCK" />
22-->[com.google.android.gms:play-services-measurement:17.2.1] AndroidManifest.xml:25:5-68
22-->[com.google.android.gms:play-services-measurement:17.2.1] AndroidManifest.xml:25:22-65
23    <uses-permission android:name="com.google.android.finsky.permission.BIND_GET_INSTALL_REFERRER_SERVICE" /> <!-- Required by older versions of Google Play services to create IID tokens -->
23-->[com.google.android.gms:play-services-measurement:17.2.1] AndroidManifest.xml:26:5-110
23-->[com.google.android.gms:play-services-measurement:17.2.1] AndroidManifest.xml:26:22-107
24    <uses-permission android:name="com.google.android.c2dm.permission.RECEIVE" />
24-->[com.google.firebase:firebase-iid:19.0.0] AndroidManifest.xml:26:5-82
24-->[com.google.firebase:firebase-iid:19.0.0] AndroidManifest.xml:26:22-79
25
26    <application
26-->src\main\AndroidManifest.xml:13:5-38:19
27        android:name="androidx.multidex.MultiDexApplication"
27-->src\main\AndroidManifest.xml:14:9-61
28        android:allowBackup="true"
28-->src\main\AndroidManifest.xml:15:9-35
29        android:appComponentFactory="androidx.core.app.CoreComponentFactory"
29-->[androidx.core:core:1.1.0] AndroidManifest.xml:24:18-86
30        android:debuggable="true"
31        android:icon="@mipmap/ic_launcher"
31-->src\main\AndroidManifest.xml:16:9-43
32        android:label="@string/app_name"
32-->src\main\AndroidManifest.xml:17:9-41
33        android:roundIcon="@mipmap/ic_launcher_round"
33-->src\main\AndroidManifest.xml:18:9-54
34        android:supportsRtl="true"
34-->src\main\AndroidManifest.xml:19:9-35
35        android:testOnly="true"
36        android:theme="@style/AppTheme" >
36-->src\main\AndroidManifest.xml:20:9-40
37        <activity android:name="com.example.appartners.myUploads" />
37-->src\main\AndroidManifest.xml:21:9-56
37-->src\main\AndroidManifest.xml:21:19-44
38        <activity android:name="com.example.appartners.resetPassword" />
38-->src\main\AndroidManifest.xml:22:9-51
38-->src\main\AndroidManifest.xml:22:19-48
39        <activity android:name="com.example.appartners.favorites" />
39-->src\main\AndroidManifest.xml:23:9-47
39-->src\main\AndroidManifest.xml:23:19-44
40        <activity android:name="com.example.appartners.picsUserInfo" />
40-->src\main\AndroidManifest.xml:24:9-50
40-->src\main\AndroidManifest.xml:24:19-47
41        <activity android:name="com.example.appartners.picsApartInfo" />
41-->src\main\AndroidManifest.xml:25:9-51
41-->src\main\AndroidManifest.xml:25:19-48
42        <activity android:name="com.example.appartners.apartment_details" />
42-->src\main\AndroidManifest.xml:26:9-55
42-->src\main\AndroidManifest.xml:26:19-52
43        <activity android:name="com.example.appartners.apartments_scan" />
43-->src\main\AndroidManifest.xml:27:9-53
43-->src\main\AndroidManifest.xml:27:19-50
44        <activity android:name="com.example.appartners.partners_scan" />
44-->src\main\AndroidManifest.xml:28:9-51
44-->src\main\AndroidManifest.xml:28:19-48
45        <activity android:name="com.example.appartners.personal_details" />
45-->src\main\AndroidManifest.xml:29:9-54
45-->src\main\AndroidManifest.xml:29:19-51
46        <activity android:name="com.example.appartners.register" />
46-->src\main\AndroidManifest.xml:30:9-46
46-->src\main\AndroidManifest.xml:30:19-43
47        <activity android:name="com.example.appartners.login" >
47-->src\main\AndroidManifest.xml:31:9-37:20
47-->src\main\AndroidManifest.xml:31:19-40
48            <intent-filter>
48-->src\main\AndroidManifest.xml:32:13-36:29
49                <action android:name="android.intent.action.MAIN" />
49-->src\main\AndroidManifest.xml:33:17-69
49-->src\main\AndroidManifest.xml:33:25-66
50
51                <category android:name="android.intent.category.LAUNCHER" />
51-->src\main\AndroidManifest.xml:35:17-77
51-->src\main\AndroidManifest.xml:35:27-74
52            </intent-filter>
53        </activity>
54
55        <service
55-->[com.google.firebase:firebase-firestore:21.3.0] AndroidManifest.xml:17:9-23:19
56            android:name="com.google.firebase.components.ComponentDiscoveryService"
56-->[com.google.firebase:firebase-firestore:21.3.0] AndroidManifest.xml:18:13-84
57            android:directBootAware="true"
57-->[com.google.firebase:firebase-common:19.3.0] AndroidManifest.xml:34:13-43
58            android:exported="false" >
58-->[com.google.firebase:firebase-firestore:21.3.0] AndroidManifest.xml:19:13-37
59            <meta-data
59-->[com.google.firebase:firebase-firestore:21.3.0] AndroidManifest.xml:20:13-22:85
60                android:name="com.google.firebase.components:com.google.firebase.firestore.FirestoreRegistrar"
60-->[com.google.firebase:firebase-firestore:21.3.0] AndroidManifest.xml:21:17-111
61                android:value="com.google.firebase.components.ComponentRegistrar" />
61-->[com.google.firebase:firebase-firestore:21.3.0] AndroidManifest.xml:22:17-82
62            <meta-data
62-->[com.google.firebase:firebase-auth:19.2.0] AndroidManifest.xml:36:13-38:85
63                android:name="com.google.firebase.components:com.google.firebase.auth.FirebaseAuthRegistrar"
63-->[com.google.firebase:firebase-auth:19.2.0] AndroidManifest.xml:37:17-109
64                android:value="com.google.firebase.components.ComponentRegistrar" />
64-->[com.google.firebase:firebase-auth:19.2.0] AndroidManifest.xml:38:17-82
65            <meta-data
65-->[com.google.firebase:firebase-storage:19.1.0] AndroidManifest.xml:33:13-35:85
66                android:name="com.google.firebase.components:com.google.firebase.storage.StorageRegistrar"
66-->[com.google.firebase:firebase-storage:19.1.0] AndroidManifest.xml:34:17-107
67                android:value="com.google.firebase.components.ComponentRegistrar" />
67-->[com.google.firebase:firebase-storage:19.1.0] AndroidManifest.xml:35:17-82
68            <meta-data
68-->[com.google.firebase:firebase-database:19.2.0] AndroidManifest.xml:32:13-34:85
69                android:name="com.google.firebase.components:com.google.firebase.database.DatabaseRegistrar"
69-->[com.google.firebase:firebase-database:19.2.0] AndroidManifest.xml:33:17-109
70                android:value="com.google.firebase.components.ComponentRegistrar" />
70-->[com.google.firebase:firebase-database:19.2.0] AndroidManifest.xml:34:17-82
71            <meta-data
71-->[com.google.android.gms:play-services-measurement-api:17.2.1] AndroidManifest.xml:30:13-32:85
72                android:name="com.google.firebase.components:com.google.firebase.analytics.connector.internal.AnalyticsConnectorRegistrar"
72-->[com.google.android.gms:play-services-measurement-api:17.2.1] AndroidManifest.xml:31:17-139
73                android:value="com.google.firebase.components.ComponentRegistrar" />
73-->[com.google.android.gms:play-services-measurement-api:17.2.1] AndroidManifest.xml:32:17-82
74            <meta-data
74-->[com.google.firebase:firebase-iid:19.0.0] AndroidManifest.xml:32:13-34:85
75                android:name="com.google.firebase.components:com.google.firebase.iid.Registrar"
75-->[com.google.firebase:firebase-iid:19.0.0] AndroidManifest.xml:33:17-96
76                android:value="com.google.firebase.components.ComponentRegistrar" />
76-->[com.google.firebase:firebase-iid:19.0.0] AndroidManifest.xml:34:17-82
77        </service>
78
79        <activity
79-->[com.google.firebase:firebase-auth:19.2.0] AndroidManifest.xml:24:9-31:50
80            android:name="com.google.firebase.auth.internal.FederatedSignInActivity"
80-->[com.google.firebase:firebase-auth:19.2.0] AndroidManifest.xml:25:13-85
81            android:excludeFromRecents="true"
81-->[com.google.firebase:firebase-auth:19.2.0] AndroidManifest.xml:26:13-46
82            android:exported="true"
82-->[com.google.firebase:firebase-auth:19.2.0] AndroidManifest.xml:27:13-36
83            android:launchMode="singleTask"
83-->[com.google.firebase:firebase-auth:19.2.0] AndroidManifest.xml:28:13-44
84            android:permission="com.google.firebase.auth.api.gms.permission.LAUNCH_FEDERATED_SIGN_IN"
84-->[com.google.firebase:firebase-auth:19.2.0] AndroidManifest.xml:29:13-102
85            android:theme="@android:style/Theme.Translucent.NoTitleBar" />
85-->[com.google.firebase:firebase-auth:19.2.0] AndroidManifest.xml:30:13-72
86
87        <receiver
87-->[com.google.android.gms:play-services-measurement:17.2.1] AndroidManifest.xml:29:9-33:20
88            android:name="com.google.android.gms.measurement.AppMeasurementReceiver"
88-->[com.google.android.gms:play-services-measurement:17.2.1] AndroidManifest.xml:30:13-85
89            android:enabled="true"
89-->[com.google.android.gms:play-services-measurement:17.2.1] AndroidManifest.xml:31:13-35
90            android:exported="false" >
90-->[com.google.android.gms:play-services-measurement:17.2.1] AndroidManifest.xml:32:13-37
91        </receiver>
92        <receiver
92-->[com.google.android.gms:play-services-measurement:17.2.1] AndroidManifest.xml:34:9-42:20
93            android:name="com.google.android.gms.measurement.AppMeasurementInstallReferrerReceiver"
93-->[com.google.android.gms:play-services-measurement:17.2.1] AndroidManifest.xml:35:13-100
94            android:enabled="true"
94-->[com.google.android.gms:play-services-measurement:17.2.1] AndroidManifest.xml:36:13-35
95            android:exported="true"
95-->[com.google.android.gms:play-services-measurement:17.2.1] AndroidManifest.xml:37:13-36
96            android:permission="android.permission.INSTALL_PACKAGES" >
96-->[com.google.android.gms:play-services-measurement:17.2.1] AndroidManifest.xml:38:13-69
97            <intent-filter>
97-->[com.google.android.gms:play-services-measurement:17.2.1] AndroidManifest.xml:39:13-41:29
98                <action android:name="com.android.vending.INSTALL_REFERRER" />
98-->[com.google.android.gms:play-services-measurement:17.2.1] AndroidManifest.xml:40:17-79
98-->[com.google.android.gms:play-services-measurement:17.2.1] AndroidManifest.xml:40:25-76
99            </intent-filter>
100        </receiver>
101
102        <service
102-->[com.google.android.gms:play-services-measurement:17.2.1] AndroidManifest.xml:44:9-47:40
103            android:name="com.google.android.gms.measurement.AppMeasurementService"
103-->[com.google.android.gms:play-services-measurement:17.2.1] AndroidManifest.xml:45:13-84
104            android:enabled="true"
104-->[com.google.android.gms:play-services-measurement:17.2.1] AndroidManifest.xml:46:13-35
105            android:exported="false" />
105-->[com.google.android.gms:play-services-measurement:17.2.1] AndroidManifest.xml:47:13-37
106        <service
106-->[com.google.android.gms:play-services-measurement:17.2.1] AndroidManifest.xml:48:9-52:72
107            android:name="com.google.android.gms.measurement.AppMeasurementJobService"
107-->[com.google.android.gms:play-services-measurement:17.2.1] AndroidManifest.xml:49:13-87
108            android:enabled="true"
108-->[com.google.android.gms:play-services-measurement:17.2.1] AndroidManifest.xml:50:13-35
109            android:exported="false"
109-->[com.google.android.gms:play-services-measurement:17.2.1] AndroidManifest.xml:51:13-37
110            android:permission="android.permission.BIND_JOB_SERVICE" />
110-->[com.google.android.gms:play-services-measurement:17.2.1] AndroidManifest.xml:52:13-69
111
112        <receiver
112-->[com.google.firebase:firebase-iid:19.0.0] AndroidManifest.xml:37:9-44:20
113            android:name="com.google.firebase.iid.FirebaseInstanceIdReceiver"
113-->[com.google.firebase:firebase-iid:19.0.0] AndroidManifest.xml:38:13-78
114            android:exported="true"
114-->[com.google.firebase:firebase-iid:19.0.0] AndroidManifest.xml:39:13-36
115            android:permission="com.google.android.c2dm.permission.SEND" >
115-->[com.google.firebase:firebase-iid:19.0.0] AndroidManifest.xml:40:13-73
116            <intent-filter>
116-->[com.google.firebase:firebase-iid:19.0.0] AndroidManifest.xml:41:13-43:29
117                <action android:name="com.google.android.c2dm.intent.RECEIVE" />
117-->[com.google.firebase:firebase-iid:19.0.0] AndroidManifest.xml:42:17-81
117-->[com.google.firebase:firebase-iid:19.0.0] AndroidManifest.xml:42:25-78
118            </intent-filter>
119        </receiver>
120
121        <provider
121-->[com.google.firebase:firebase-common:19.3.0] AndroidManifest.xml:26:9-30:39
122            android:name="com.google.firebase.provider.FirebaseInitProvider"
122-->[com.google.firebase:firebase-common:19.3.0] AndroidManifest.xml:27:13-77
123            android:authorities="com.example.appartners.firebaseinitprovider"
123-->[com.google.firebase:firebase-common:19.3.0] AndroidManifest.xml:28:13-72
124            android:exported="false"
124-->[com.google.firebase:firebase-common:19.3.0] AndroidManifest.xml:29:13-37
125            android:initOrder="100" />
125-->[com.google.firebase:firebase-common:19.3.0] AndroidManifest.xml:30:13-36
126
127        <activity
127-->[com.google.android.gms:play-services-base:17.1.0] AndroidManifest.xml:23:9-26:75
128            android:name="com.google.android.gms.common.api.GoogleApiActivity"
128-->[com.google.android.gms:play-services-base:17.1.0] AndroidManifest.xml:24:13-79
129            android:exported="false"
129-->[com.google.android.gms:play-services-base:17.1.0] AndroidManifest.xml:25:13-37
130            android:theme="@android:style/Theme.Translucent.NoTitleBar" />
130-->[com.google.android.gms:play-services-base:17.1.0] AndroidManifest.xml:26:13-72
131
132        <meta-data
132-->[com.google.android.gms:play-services-basement:17.0.0] AndroidManifest.xml:23:9-25:69
133            android:name="com.google.android.gms.version"
133-->[com.google.android.gms:play-services-basement:17.0.0] AndroidManifest.xml:24:13-58
134            android:value="@integer/google_play_services_version" />
134-->[com.google.android.gms:play-services-basement:17.0.0] AndroidManifest.xml:25:13-66
135    </application>
136
137</manifest>